<?xml version="1.0" encoding="UTF-8"?>
<testng-results skipped="0" failed="0" total="1" passed="1">
  <reporter-output>
  </reporter-output>
  <suite name="Default suite" duration-ms="18" started-at="2017-01-06T07:05:23Z" finished-at="2017-01-06T07:05:23Z">
    <groups>
    </groups>
    <test name="Default test" duration-ms="18" started-at="2017-01-06T07:05:23Z" finished-at="2017-01-06T07:05:23Z">
      <class name="org.pthaks.demo.TFunc">
        <test-method status="PASS" signature="first()[pri:0, instance:org.pthaks.demo.TFunc@58651fd0]" name="first" duration-ms="8" started-at="2017-01-06T12:35:23Z" finished-at="2017-01-06T12:35:23Z">
          <reporter-output>
          </reporter-output>
        </test-method> <!-- first -->
      </class> <!-- org.pthaks.demo.TFunc -->
    </test> <!-- Default test -->
  </suite> <!-- Default suite -->
</testng-results>
